2025-07-27 08:25:30 - Redémarrage détecté par watchdog matériel
2025-07-27 08:27:42 - Redémarrage détecté par watchdog matériel
2025-07-27 08:27:42 - Redémarrage watchdog matériel 1/3
2025-07-27 08:33:30 - Redémarrage détecté par watchdog matériel
2025-07-27 08:33:30 - Redémarrage watchdog matériel 2/3
2025-07-27 08:47:17 - Redémarrage détecté par watchdog matériel
2025-07-27 08:47:18 - Redémarrage watchdog matériel 3/3
2025-07-27 08:52:19 - Redémarrage détecté par watchdog matériel
2025-07-27 08:52:19 - LIMITE ATTEINTE: 3 redémarrages watchdog matériel
2025-07-27 08:52:19 - DÉSACTIVATION du watchdog pour éviter boucle infinie
2025-07-27 08:59:51 - Redémarrage détecté par watchdog matériel
2025-07-27 08:59:51 - LIMITE ATTEINTE: 3 redémarrages watchdog matériel
2025-07-27 08:59:51 - DÉSACTIVATION du watchdog pour éviter boucle infinie
2025-07-27 09:25:24 - Redémarrage détecté par watchdog matériel
2025-07-27 09:25:25 - LIMITE ATTEINTE: 3 redémarrages watchdog matériel
2025-07-27 09:25:25 - DÉSACTIVATION du watchdog pour éviter boucle infinie
2025-07-27 09:34:40 - Redémarrage détecté par watchdog matériel
2025-07-27 09:34:40 - LIMITE ATTEINTE: 3 redémarrages watchdog matériel
2025-07-27 09:34:40 - DÉSACTIVATION du watchdog pour éviter boucle infinie
2025-07-27 09:44:15 - Redémarrage détecté par watchdog matériel
2025-07-27 09:44:15 - LIMITE ATTEINTE: 3 redémarrages watchdog matériel
2025-07-27 09:44:15 - DÉSACTIVATION du watchdog pour éviter boucle infinie
2025-07-27 11:31:33 - Redémarrage détecté par watchdog matériel
2025-07-27 11:31:34 - Compteur watchdog matériel réinitialisé
2025-07-27 11:59:15 - Redémarrage détecté par watchdog matériel
2025-07-27 11:59:16 - Redémarrage watchdog matériel 1/3
2025-07-27 13:13:16 - Redémarrage détecté par watchdog matériel
2025-07-27 13:13:16 - Compteur watchdog matériel réinitialisé
2025-07-27 13:45:16 - Redémarrage détecté par watchdog matériel
2025-07-27 13:45:17 - Redémarrage watchdog matériel 1/3
2025-07-27 14:35:00 - Redémarrage détecté par watchdog matériel
2025-07-27 14:35:02 - Redémarrage watchdog matériel 2/3
2025-07-27 14:45:19 - Redémarrage détecté par watchdog matériel
2025-07-27 14:45:20 - Redémarrage watchdog matériel 3/3
2025-07-27 14:53:18 - Redémarrage détecté par watchdog matériel
2025-07-27 14:53:18 - LIMITE ATTEINTE: 3 redémarrages watchdog matériel
2025-07-27 14:53:18 - DÉSACTIVATION du watchdog pour éviter boucle infinie
